<?xml version="1.0" encoding="UTF-8"?>
<!-- Generated by org.testng.reporters.JUnitReportReporter -->
<testsuite hostname="user1" failures="0" tests="6" name="runner.runner" time="59.499" errors="0" timestamp="2025-04-15T18:00:40 IST" skipped="0">
  <testcase classname="runner.runner" name="runScenario" time="11.186"/>
  <testcase classname="runner.runner" name="runScenario" time="10.534"/>
  <testcase classname="runner.runner" name="runScenario" time="19.285"/>
  <testcase classname="runner.runner" name="runScenario" time="1.502"/>
  <testcase classname="runner.runner" name="runScenario" time="6.404"/>
  <testcase classname="runner.runner" name="runScenario" time="10.588"/>
</testsuite> <!-- runner.runner -->
