<?xml version="1.0" encoding="UTF-8"?>
<!-- Generated by org.testng.reporters.JUnitReportReporter -->
<testsuite hostname="user1" failures="0" tests="3" name="runner.runner" time="55.105" errors="0" timestamp="2025-04-15T13:14:00 IST" skipped="0">
  <testcase classname="runner.runner" name="runScenario" time="12.698"/>
  <testcase classname="runner.runner" name="runScenario" time="16.875"/>
  <testcase classname="runner.runner" name="runScenario" time="25.532"/>
</testsuite> <!-- runner.runner -->
